Pre-install checks for BlueData EPIC Enterprise-Docker 4.0
Build number: 2217

********** BEGIN: /opt/bluedata/bundles/bluedata-epic-entdoc-minimal-release-4.0-2217/prechecks/hardware-tests.sh
Hardware properties
	Checking CPU count: FAILED.
		Expected at least 4 cpus but found 1.
	Checking memory capacity: Memory found on the system: 673988 KB
FAILED.
		Expected at least 30000000KB.
		But found 673988KB
	Checking number of disks available: NAME   MAJ:MIN RM  SIZE RO TYPE MOUNTPOINT
fd0      2:0    1    4K  0 disk 
sda      8:0    0   30G  0 disk 
├─sda1   8:1    0  500M  0 part /boot
└─sda2   8:2    0 29.5G  0 part /
sdb      8:16   0   20G  0 disk 
└─sdb1   8:17   0   20G  0 part /mnt/resource
sr0     11:0    1  628K  0 rom  
major minor  #blocks  name

   2        0          4 fd0
  11        0        628 sr0
   8        0   31457280 sda
   8        1     512000 sda1
   8        2   30944256 sda2
   8       16   20971520 sdb
   8       17   20969472 sdb1
Disks Found are: 0
FAILED.
		At least 2 disk(s) greater than 380GB required.
		The server has 0 disk(s) available.
  Total: 3  --  Failed: 3  --  Warning: 0  --  Forced(success): 0

********** END: /opt/bluedata/bundles/bluedata-epic-entdoc-minimal-release-4.0-2217/prechecks/hardware-tests.sh

********** BEGIN: /opt/bluedata/bundles/bluedata-epic-entdoc-minimal-release-4.0-2217/prechecks/network-port-tests.sh
Network port availability
	Checking ss availability: PASSED.
State      Recv-Q Send-Q Local Address:Port               Peer Address:Port              
LISTEN     0      100    127.0.0.1:25                       *:*                  
LISTEN     0      128          *:111                      *:*                  
LISTEN     0      128          *:22                       *:*                  
LISTEN     0      100        ::1:25                      :::*                  
LISTEN     0      128         :::111                     :::*                  
LISTEN     0      128         :::22                      :::*                  
State      Recv-Q Send-Q Local Address:Port               Peer Address:Port              
UNCONN     0      0      127.0.0.1:323                      *:*                  
UNCONN     0      0            *:68                       *:*                  
UNCONN     0      0            *:111                      *:*                  
UNCONN     0      0            *:712                      *:*                  
UNCONN     0      0          ::1:323                     :::*                  
UNCONN     0      0           :::111                     :::*                  
UNCONN     0      0           :::712                     :::*                  
	Checking apache http access port: PASSED.
	Checking apache http access port for epic-nagios: PASSED.
	Checking apache https access port: PASSED.
	Checking apache https access port for epic-nagios: PASSED.
	Checking erlang epmd port: PASSED.
	Checking bd_mgmt rest api port: PASSED.
	Checking haproxy stats: PASSED.
	Checking erlang rpc ports: PASSED.
	Checking erlang ssh-rpc port: PASSED.
	Checking nrpe access port: PASSED.
	Checking nrpe access port for epic-nagios: PASSED.
	Checking kerberos udp ports: PASSED.
	Checking kerberos tcp ports: PASSED.
	Checking HTTPFS ports: PASSED.
	Checking HDFS Ports: PASSED.
	Checking PCSD Daemon port: PASSED.
	Checking Cluster Manager port: PASSED.
	Checking Monitoring ports: PASSED.
  Total: 19  --  Failed: 0  --  Warning: 0  --  Forced(success): 0

********** END: /opt/bluedata/bundles/bluedata-epic-entdoc-minimal-release-4.0-2217/prechecks/network-port-tests.sh

********** BEGIN: /opt/bluedata/bundles/bluedata-epic-entdoc-minimal-release-4.0-2217/prechecks/network-tests.sh
Network configuration
	Checking primary IP address: Checking for all active nics
1: lo: <LOOPBACK,UP,LOWER_UP> mtu 65536 qdisc noqueue state UNKNOWN group default qlen 1000
    link/loopback 00:00:00:00:00:00 brd 00:00:00:00:00:00
    inet 127.0.0.1/8 scope host lo
       valid_lft forever preferred_lft forever
    inet6 ::1/128 scope host 
       valid_lft forever preferred_lft forever
2: eth0: <BROADCAST,MULTICAST,UP,LOWER_UP> mtu 1500 qdisc mq state UP group default qlen 1000
    link/ether 00:0d:3a:7d:d8:c3 brd ff:ff:ff:ff:ff:ff
    inet 10.1.1.8/24 brd 10.1.1.255 scope global eth0
       valid_lft forever preferred_lft forever
    inet6 fe80::20d:3aff:fe7d:d8c3/64 scope link 
       valid_lft forever preferred_lft forever
Skipping lo
Checking nic eth0 with ipaddr 10.1.1.8
Found 1 with ipaddresses
PASSED.
		Using eth0:10.1.1.8 as primary interface
	Checking FQDN of the host: Got FQDN 'controller' for IP address 10.1.1.8
FAILED.
		Hostname 'controller' is not a fully qualified domain name.
	Checking default gateway settings: Detected default gateway: 10.1.1.1
PASSED.
	Checking Proxy setting: Checking for env/shell variable
Checking for env/shell variable
Checking for env/shell variable
Skipping no_proxy values' validation
PASSED.
	Checking internet access: Checking for internet connection.
INTERNET ACTIVE STATUS: 0
PASSED.
  Total: 5  --  Failed: 1  --  Warning: 0  --  Forced(success): 0

********** END: /opt/bluedata/bundles/bluedata-epic-entdoc-minimal-release-4.0-2217/prechecks/network-tests.sh

********** BEGIN: /opt/bluedata/bundles/bluedata-epic-entdoc-minimal-release-4.0-2217/prechecks/os-tests.sh
Operating system configuration
	Checking OS type: PASSED.
	Checking running kernel version: PASSED.
	Checking CONFIG_SECCOMP enabled in kernel: PASSED.
	Checking SELinux setting: PASSED.
	Checking IPtables/Firewalld configuration: unknown
inactive
WARNING.
		IPtables/Firewalld is not running.
	Checking automount configuration: PASSED.
	Checking SSHD configuration: PASSED.
	Checking rsyslog setting: PASSED.
	Checking user and group specified: 0
PASSED.
	Checking dnsmasq user and group specified: PASSED.
	Checking for krb5.keytab: PASSED.
	Checking cgconfig kernel params: BOOT_IMAGE=/vmlinuz-3.10.0-862.11.6.el7.x86_64 root=UUID=12907c8a-6b2f-4981-b94c-f3cd772270a7 ro console=tty1 console=ttyS0,115200n8 earlyprintk=ttyS0,115200 rootdelay=300 net.ifnames=0
PASSED.
  Total: 12  --  Failed: 0  --  Warning: 1  --  Forced(success): 0

********** END: /opt/bluedata/bundles/bluedata-epic-entdoc-minimal-release-4.0-2217/prechecks/os-tests.sh

********** BEGIN: /opt/bluedata/bundles/bluedata-epic-entdoc-minimal-release-4.0-2217/prechecks/services-tests.sh
********** END: /opt/bluedata/bundles/bluedata-epic-entdoc-minimal-release-4.0-2217/prechecks/services-tests.sh

********** BEGIN: /opt/bluedata/bundles/bluedata-epic-entdoc-minimal-release-4.0-2217/prechecks/storage-tests.sh
/ 24631044
/mnt/resource 19399324
Filesystem free space checks.
	Checking freespace on /: FAILED.
		At least 228GB of free space is required on /.
		Only 23GB is available.
	Checking configured swap size: Mem: 673988KB Swap: 0KB Rec: 134797KB
WARNING.
		Atleast 131MB of swap recommended.
	Checking docker storage: PASSED.
  Total: 3  --  Failed: 1  --  Warning: 1  --  Forced(success): 0

********** END: /opt/bluedata/bundles/bluedata-epic-entdoc-minimal-release-4.0-2217/prechecks/storage-tests.sh
***************************************************************************
Aggregate tests summary:
             Total : 42
            Failed : 5
           Warning : 2
   Forced(success) : 0
ERROR: Please fix the failure(s) before running the BlueData software installer.
Additional information for debugging is written to /tmp/bd_prechecks.70787.log
***************************************************************************
