Command line args:  --


        ##                                            
        ##  ##                                        
        ##      ##                                    
    ##  ##  ##     ##                                 
    ##  ##  ##  ##                                    
    ##  ##  ##     ##          BlueData Software, Inc.
    ##  ##  ##  ##    ##                              
    ##      ##     ##                                 
    ##  ##  ##  ##                                    
    ##      ##                                        


BlueData EPIC Enterprise-Docker release-4.0-2217 (release)

Executing INSTALL (PLHA: false NODE: 10.1.1.8)
Logging to /tmp/bds-20200129172742.log
PRECHECKS CMDLINE PARAMS: --config-file-path /tmp/bd_iu_prechecks.69698.conf --flavor release --user root --group root --dnsmasq-user nobody --dnsmasq-grp nobody -c

Pre-install checks for BlueData EPIC Enterprise-Docker 4.0

Hardware properties
	Checking CPU count: FAILED.
		Expected at least 4 cpus but found 1.
	Checking memory capacity: FAILED.
		Expected at least 30000000KB.
		But found 673988KB
	Checking number of disks available: FAILED.
		At least 2 disk(s) greater than 380GB required.
		The server has 0 disk(s) available.
  Total: 3  --  Failed: 3  --  Warning: 0  --  Forced(success): 0


Network port availability
	Checking ss availability: PASSED.
	Checking apache http access port: PASSED.
	Checking apache http access port for epic-nagios: PASSED.
	Checking apache https access port: PASSED.
	Checking apache https access port for epic-nagios: PASSED.
	Checking erlang epmd port: PASSED.
	Checking bd_mgmt rest api port: PASSED.
	Checking haproxy stats: PASSED.
	Checking erlang rpc ports: PASSED.
	Checking erlang ssh-rpc port: PASSED.
	Checking nrpe access port: PASSED.
	Checking nrpe access port for epic-nagios: PASSED.
	Checking kerberos udp ports: PASSED.
	Checking kerberos tcp ports: PASSED.
	Checking HTTPFS ports: PASSED.
	Checking HDFS Ports: PASSED.
	Checking PCSD Daemon port: PASSED.
	Checking Cluster Manager port: PASSED.
	Checking Monitoring ports: PASSED.
  Total: 19  --  Failed: 0  --  Warning: 0  --  Forced(success): 0


Network configuration
	Checking primary IP address: PASSED.
		Using eth0:10.1.1.8 as primary interface
	Checking FQDN of the host: FAILED.
		Hostname 'controller' is not a fully qualified domain name.
	Checking default gateway settings: PASSED.
	Checking Proxy setting: PASSED.
	Checking internet access: PASSED.
  Total: 5  --  Failed: 1  --  Warning: 0  --  Forced(success): 0


Operating system configuration
	Checking OS type: PASSED.
	Checking running kernel version: PASSED.
	Checking CONFIG_SECCOMP enabled in kernel: PASSED.
	Checking SELinux setting: PASSED.
	Checking IPtables/Firewalld configuration: WARNING.
		IPtables/Firewalld is not running.
	Checking automount configuration: PASSED.
	Checking SSHD configuration: PASSED.
	Checking rsyslog setting: PASSED.
	Checking user and group specified: PASSED.
	Checking dnsmasq user and group specified: PASSED.
	Checking for krb5.keytab: PASSED.
	Checking cgconfig kernel params: PASSED.
  Total: 12  --  Failed: 0  --  Warning: 1  --  Forced(success): 0



Filesystem free space checks.
	Checking freespace on /: FAILED.
		At least 228GB of free space is required on /.
		Only 23GB is available.
	Checking configured swap size: WARNING.
		Atleast 131MB of swap recommended.
	Checking docker storage: PASSED.
  Total: 3  --  Failed: 1  --  Warning: 1  --  Forced(success): 0

***************************************************************************
Aggregate tests summary:
             Total : 42
            Failed : 5
           Warning : 2
   Forced(success) : 0
ERROR: Please fix the failure(s) before running the BlueData software installer.
Additional information for debugging is written to /tmp/bd_prechecks.70787.log
***************************************************************************
Failed to exec: SUDO_PREFIX="sudo -n" /opt/bluedata/bundles/bluedata-epic-entdoc-minimal-release-4.0-2217/prechecks/checks.sh --config-file-path /tmp/bd_iu_prechecks.69698.conf --flavor release --user root --group root --dnsmasq-user nobody --dnsmasq-grp nobody -c
